May 01, 2020 4:10:51 PM edu.tucn.lab8.ex4.ControlUnit <init>
INFO: Control Unit initialized
May 01, 2020 4:10:51 PM edu.tucn.lab8.ex4.ControlUnit start
INFO: Reading #1
May 01, 2020 4:10:51 PM edu.tucn.lab8.ex4.ControlUnit start
INFO: Fire Sensor #1: no fire
May 01, 2020 4:10:51 PM edu.tucn.lab8.ex4.ControlUnit start
INFO: Fire Sensor #2: no fire
May 01, 2020 4:10:51 PM edu.tucn.lab8.ex4.ControlUnit start
INFO: Fire Sensor #3: no fire
May 01, 2020 4:10:51 PM edu.tucn.lab8.ex4.ControlUnit start
INFO: Temperature sensor: 4 degrees
May 01, 2020 4:10:51 PM edu.tucn.lab8.ex4.ControlUnit start
INFO: Heating system started
May 01, 2020 4:10:51 PM edu.tucn.lab8.ex4.ControlUnit start
INFO: Reading #2
May 01, 2020 4:10:51 PM edu.tucn.lab8.ex4.ControlUnit start
INFO: Fire Sensor #1: no fire
May 01, 2020 4:10:51 PM edu.tucn.lab8.ex4.ControlUnit start
INFO: Fire Sensor #2: no fire
May 01, 2020 4:10:51 PM edu.tucn.lab8.ex4.ControlUnit start
INFO: Fire Sensor #3: no fire
May 01, 2020 4:10:51 PM edu.tucn.lab8.ex4.ControlUnit start
INFO: Temperature sensor: 18 degrees
May 01, 2020 4:10:51 PM edu.tucn.lab8.ex4.ControlUnit start
INFO: Heating system started
May 01, 2020 4:10:51 PM edu.tucn.lab8.ex4.ControlUnit start
INFO: Reading #3
May 01, 2020 4:10:51 PM edu.tucn.lab8.ex4.ControlUnit start
INFO: Fire Sensor #1: no fire
May 01, 2020 4:10:51 PM edu.tucn.lab8.ex4.ControlUnit start
INFO: Fire Sensor #2: no fire
May 01, 2020 4:10:51 PM edu.tucn.lab8.ex4.ControlUnit start
INFO: Fire Sensor #3: no fire
May 01, 2020 4:10:51 PM edu.tucn.lab8.ex4.ControlUnit start
INFO: Temperature sensor: 12 degrees
May 01, 2020 4:10:51 PM edu.tucn.lab8.ex4.ControlUnit start
INFO: Heating system started
May 01, 2020 4:10:51 PM edu.tucn.lab8.ex4.ControlUnit start
INFO: Reading #4
May 01, 2020 4:10:51 PM edu.tucn.lab8.ex4.ControlUnit start
INFO: Fire Sensor #1: no fire
May 01, 2020 4:10:51 PM edu.tucn.lab8.ex4.ControlUnit start
INFO: Fire Sensor #2: no fire
May 01, 2020 4:10:51 PM edu.tucn.lab8.ex4.ControlUnit start
INFO: Fire Sensor #3: no fire
May 01, 2020 4:10:51 PM edu.tucn.lab8.ex4.ControlUnit start
INFO: Temperature sensor: 22 degrees
May 01, 2020 4:10:51 PM edu.tucn.lab8.ex4.ControlUnit start
INFO: Reading #5
May 01, 2020 4:10:51 PM edu.tucn.lab8.ex4.ControlUnit start
INFO: Fire Sensor #1: no fire
May 01, 2020 4:10:51 PM edu.tucn.lab8.ex4.ControlUnit start
INFO: Fire Sensor #2: no fire
May 01, 2020 4:10:51 PM edu.tucn.lab8.ex4.ControlUnit start
INFO: Fire Sensor #3: no fire
May 01, 2020 4:10:51 PM edu.tucn.lab8.ex4.ControlUnit start
INFO: Temperature sensor: 19 degrees
May 01, 2020 4:10:51 PM edu.tucn.lab8.ex4.ControlUnit start
INFO: Heating system started
